Group 0 - White
Group 1 - Black
Board:
    1    2    3    4    5    6    7    8    9  
   ???? ???? ???? ???? ???? ???? ???? ???? ????
A|  --   --   --   --   --   --   --   --   --  |A
B|  --   --   --   --   --   --   --   --   --  |B
C|  --   --   --   --   --   --   --   --   --  |C
D|  --   --   --   --   --   --   --   --   --  |D
E|  --   --   --   --   --   --   --   --   --  |E
F|  --   --   --   --   --   --   --   --   --  |F
G|  --   --   --   --   --   --   --   --   --  |G
H|  --   --   --   --   --   --   --   --   --  |H
I|  --   --   --   --   --   --   --   --   --  |I
   ???? ???? ???? ???? ???? ???? ???? ???? ????
    1    2    3    4    5    6    7    8    9  

Elapsed time: 953
MOVE B8
Moves: 1 | White pawns: 13 | Black pawns: 12
Board:
    1    2    3    4    5    6    7    8    9  
   ???? ???? ???? ???? ???? ???? ???? ???? ????
A|  --   --   --   --   --   --   --   --   --  |A
B|  --   --   --   --   --   --   --   MW   --  |B
C|  --   --   --   --   --   --   --   --   --  |C
D|  --   --   --   --   --   --   --   --   --  |D
E|  --   --   --   --   --   --   --   --   --  |E
F|  --   --   --   --   --   --   --   --   --  |F
G|  --   --   --   --   --   --   --   --   --  |G
H|  --   --   --   --   --   --   --   --   --  |H
I|  --   --   --   --   --   --   --   --   --  |I
   ???? ???? ???? ???? ???? ???? ???? ???? ????
    1    2    3    4    5    6    7    8    9  

Elapsed time: 931
MOVE G8
Moves: 2 | White pawns: 13 | Black pawns: 13
Board:
    1    2    3    4    5    6    7    8    9  
   ???? ???? ???? ???? ???? ???? ???? ???? ????
A|  --   --   --   --   --   --   --   --   --  |A
B|  --   --   --   --   --   --   --   MW   --  |B
C|  --   --   --   --   --   --   --   --   --  |C
D|  --   --   --   --   --   --   --   --   --  |D
E|  --   --   --   --   --   --   --   --   --  |E
F|  --   --   --   --   --   --   --   --   --  |F
G|  --   --   --   --   --   --   --   MB   --  |G
H|  --   --   --   --   --   --   --   --   --  |H
I|  --   --   --   --   --   --   --   --   --  |I
   ???? ???? ???? ???? ???? ???? ???? ???? ????
    1    2    3    4    5    6    7    8    9  

Elapsed time: 965
MOVE B2
Moves: 3 | White pawns: 14 | Black pawns: 13
Board:
    1    2    3    4    5    6    7    8    9  
   ???? ???? ???? ???? ???? ???? ???? ???? ????
A|  --   --   --   --   --   --   --   --   --  |A
B|  --   MW   --   --   --   --   --   MW   --  |B
C|  --   --   --   --   --   --   --   --   --  |C
D|  --   --   --   --   --   --   --   --   --  |D
E|  --   --   --   --   --   --   --   --   --  |E
F|  --   --   --   --   --   --   --   --   --  |F
G|  --   --   --   --   --   --   --   MB   --  |G
H|  --   --   --   --   --   --   --   --   --  |H
I|  --   --   --   --   --   --   --   --   --  |I
   ???? ???? ???? ???? ???? ???? ???? ???? ????
    1    2    3    4    5    6    7    8    9  

Elapsed time: 952
MOVE D9
Moves: 4 | White pawns: 14 | Black pawns: 14
Board:
    1    2    3    4    5    6    7    8    9  
   ???? ???? ???? ???? ???? ???? ???? ???? ????
A|  --   --   --   --   --   --   --   --   --  |A
B|  --   MW   --   --   --   --   --   MW   --  |B
C|  --   --   --   --   --   --   --   --   --  |C
D|  --   --   --   --   --   --   --   --   MB  |D
E|  --   --   --   --   --   --   --   --   --  |E
F|  --   --   --   --   --   --   --   --   --  |F
G|  --   --   --   --   --   --   --   MB   --  |G
H|  --   --   --   --   --   --   --   --   --  |H
I|  --   --   --   --   --   --   --   --   --  |I
   ???? ???? ???? ???? ???? ???? ???? ???? ????
    1    2    3    4    5    6    7    8    9  

Elapsed time: 954
MOVE H2
Moves: 5 | White pawns: 15 | Black pawns: 14
Board:
    1    2    3    4    5    6    7    8    9  
   ???? ???? ???? ???? ???? ???? ???? ???? ????
A|  --   --   --   --   --   --   --   --   --  |A
B|  --   MW   --   --   --   --   --   MW   --  |B
C|  --   --   --   --   --   --   --   --   --  |C
D|  --   --   --   --   --   --   --   --   MB  |D
E|  --   --   --   --   --   --   --   --   --  |E
F|  --   --   --   --   --   --   --   --   --  |F
G|  --   --   --   --   --   --   --   MB   --  |G
H|  --   MW   --   --   --   --   --   --   --  |H
I|  --   --   --   --   --   --   --   --   --  |I
   ???? ???? ???? ???? ???? ???? ???? ???? ????
    1    2    3    4    5    6    7    8    9  

Elapsed time: 938
MOVE A9
Moves: 6 | White pawns: 15 | Black pawns: 15
Board:
    1    2    3    4    5    6    7    8    9  
   ???? ???? ???? ???? ???? ???? ???? ???? ????
A|  --   --   --   --   --   --   --   --   MB  |A
B|  --   MW   --   --   --   --   --   MW   --  |B
C|  --   --   --   --   --   --   --   --   --  |C
D|  --   --   --   --   --   --   --   --   MB  |D
E|  --   --   --   --   --   --   --   --   --  |E
F|  --   --   --   --   --   --   --   --   --  |F
G|  --   --   --   --   --   --   --   MB   --  |G
H|  --   MW   --   --   --   --   --   --   --  |H
I|  --   --   --   --   --   --   --   --   --  |I
   ???? ???? ???? ???? ???? ???? ???? ???? ????
    1    2    3    4    5    6    7    8    9  

Elapsed time: 935
MOVE B9
Moves: 7 | White pawns: 16 | Black pawns: 15
Board:
    1    2    3    4    5    6    7    8    9  
   ???? ???? ???? ???? ???? ???? ???? ???? ????
A|  --   --   --   --   --   --   --   --   MB  |A
B|  --   MW   --   --   --   --   --   MW   MW  |B
C|  --   --   --   --   --   --   --   --   --  |C
D|  --   --   --   --   --   --   --   --   MB  |D
E|  --   --   --   --   --   --   --   --   --  |E
F|  --   --   --   --   --   --   --   --   --  |F
G|  --   --   --   --   --   --   --   MB   --  |G
H|  --   MW   --   --   --   --   --   --   --  |H
I|  --   --   --   --   --   --   --   --   --  |I
   ???? ???? ???? ???? ???? ???? ???? ???? ????
    1    2    3    4    5    6    7    8    9  

Elapsed time: 983
MOVE A1
Moves: 8 | White pawns: 16 | Black pawns: 16
Board:
    1    2    3    4    5    6    7    8    9  
   ???? ???? ???? ???? ???? ???? ???? ???? ????
A|  MB   --   --   --   --   --   --   --   MB  |A
B|  --   MW   --   --   --   --   --   MW   MW  |B
C|  --   --   --   --   --   --   --   --   --  |C
D|  --   --   --   --   --   --   --   --   MB  |D
E|  --   --   --   --   --   --   --   --   --  |E
F|  --   --   --   --   --   --   --   --   --  |F
G|  --   --   --   --   --   --   --   MB   --  |G
H|  --   MW   --   --   --   --   --   --   --  |H
I|  --   --   --   --   --   --   --   --   --  |I
   ???? ???? ???? ???? ???? ???? ???? ???? ????
    1    2    3    4    5    6    7    8    9  

Elapsed time: 951
MOVE B4
Moves: 9 | White pawns: 17 | Black pawns: 16
Board:
    1    2    3    4    5    6    7    8    9  
   ???? ???? ???? ???? ???? ???? ???? ???? ????
A|  MB   --   --   --   --   --   --   --   MB  |A
B|  --   MW   --   MW   --   --   --   MW   MW  |B
C|  --   --   --   --   --   --   --   --   --  |C
D|  --   --   --   --   --   --   --   --   MB  |D
E|  --   --   --   --   --   --   --   --   --  |E
F|  --   --   --   --   --   --   --   --   --  |F
G|  --   --   --   --   --   --   --   MB   --  |G
H|  --   MW   --   --   --   --   --   --   --  |H
I|  --   --   --   --   --   --   --   --   --  |I
   ???? ???? ???? ???? ???? ???? ???? ???? ????
    1    2    3    4    5    6    7    8    9  

Elapsed time: 941
MOVE C9
Moves: 10 | White pawns: 17 | Black pawns: 17
Board:
    1    2    3    4    5    6    7    8    9  
   ???? ???? ???? ???? ???? ???? ???? ???? ????
A|  MB   --   --   --   --   --   --   --   MB  |A
B|  --   MW   --   MW   --   --   --   MW   MW  |B
C|  --   --   --   --   --   --   --   --   MB  |C
D|  --   --   --   --   --   --   --   --   MB  |D
E|  --   --   --   --   --   --   --   --   --  |E
F|  --   --   --   --   --   --   --   --   --  |F
G|  --   --   --   --   --   --   --   MB   --  |G
H|  --   MW   --   --   --   --   --   --   --  |H
I|  --   --   --   --   --   --   --   --   --  |I
   ???? ???? ???? ???? ???? ???? ???? ???? ????
    1    2    3    4    5    6    7    8    9  

Elapsed time: 955
MOVE B6
Moves: 11 | White pawns: 18 | Black pawns: 17
Board:
    1    2    3    4    5    6    7    8    9  
   ???? ???? ???? ???? ???? ???? ???? ???? ????
A|  MB   --   --   --   --   --   --   --   MB  |A
B|  --   MW   --   MW   --   MW   --   MW   MW  |B
C|  --   --   --   --   --   --   --   --   MB  |C
D|  --   --   --   --   --   --   --   --   MB  |D
E|  --   --   --   --   --   --   --   --   --  |E
F|  --   --   --   --   --   --   --   --   --  |F
G|  --   --   --   --   --   --   --   MB   --  |G
H|  --   MW   --   --   --   --   --   --   --  |H
I|  --   --   --   --   --   --   --   --   --  |I
   ???? ???? ???? ???? ???? ???? ???? ???? ????
    1    2    3    4    5    6    7    8    9  

Elapsed time: 939
MOVE E8
Moves: 12 | White pawns: 18 | Black pawns: 18
Board:
    1    2    3    4    5    6    7    8    9  
   ???? ???? ???? ???? ???? ???? ???? ???? ????
A|  MB   --   --   --   --   --   --   --   MB  |A
B|  --   MW   --   MW   --   MW   --   MW   MW  |B
C|  --   --   --   --   --   --   --   --   MB  |C
D|  --   --   --   --   --   --   --   --   MB  |D
E|  --   --   --   --   --   --   --   MB   --  |E
F|  --   --   --   --   --   --   --   --   --  |F
G|  --   --   --   --   --   --   --   MB   --  |G
H|  --   MW   --   --   --   --   --   --   --  |H
I|  --   --   --   --   --   --   --   --   --  |I
   ???? ???? ???? ???? ???? ???? ???? ???? ????
    1    2    3    4    5    6    7    8    9  

Elapsed time: 966
MOVE D2
Moves: 13 | White pawns: 19 | Black pawns: 18
Board:
    1    2    3    4    5    6    7    8    9  
   ???? ???? ???? ???? ???? ???? ???? ???? ????
A|  MB   --   --   --   --   --   --   --   MB  |A
B|  --   MW   --   MW   --   MW   --   MW   MW  |B
C|  --   --   --   --   --   --   --   --   MB  |C
D|  --   MW   --   --   --   --   --   --   MB  |D
E|  --   --   --   --   --   --   --   MB   --  |E
F|  --   --   --   --   --   --   --   --   --  |F
G|  --   --   --   --   --   --   --   MB   --  |G
H|  --   MW   --   --   --   --   --   --   --  |H
I|  --   --   --   --   --   --   --   --   --  |I
   ???? ???? ???? ???? ???? ???? ???? ???? ????
    1    2    3    4    5    6    7    8    9  

Elapsed time: 939
MOVE A7
Moves: 14 | White pawns: 19 | Black pawns: 19
Board:
    1    2    3    4    5    6    7    8    9  
   ???? ???? ???? ???? ???? ???? ???? ???? ????
A|  MB   --   --   --   --   --   MB   --   MB  |A
B|  --   MW   --   MW   --   MW   --   MW   MW  |B
C|  --   --   --   --   --   --   --   --   MB  |C
D|  --   MW   --   --   --   --   --   --   MB  |D
E|  --   --   --   --   --   --   --   MB   --  |E
F|  --   --   --   --   --   --   --   --   --  |F
G|  --   --   --   --   --   --   --   MB   --  |G
H|  --   MW   --   --   --   --   --   --   --  |H
I|  --   --   --   --   --   --   --   --   --  |I
   ???? ???? ???? ???? ???? ???? ???? ???? ????
    1    2    3    4    5    6    7    8    9  

Elapsed time: 956
MOVE F2
Moves: 15 | White pawns: 20 | Black pawns: 19
Board:
    1    2    3    4    5    6    7    8    9  
   ???? ???? ???? ???? ???? ???? ???? ???? ????
A|  MB   --   --   --   --   --   MB   --   MB  |A
B|  --   MW   --   MW   --   MW   --   MW   MW  |B
C|  --   --   --   --   --   --   --   --   MB  |C
D|  --   MW   --   --   --   --   --   --   MB  |D
E|  --   --   --   --   --   --   --   MB   --  |E
F|  --   MW   --   --   --   --   --   --   --  |F
G|  --   --   --   --   --   --   --   MB   --  |G
H|  --   MW   --   --   --   --   --   --   --  |H
I|  --   --   --   --   --   --   --   --   --  |I
   ???? ???? ???? ???? ???? ???? ???? ???? ????
    1    2    3    4    5    6    7    8    9  

Elapsed time: 954
MOVE E1
Moves: 16 | White pawns: 20 | Black pawns: 20
Board:
    1    2    3    4    5    6    7    8    9  
   ???? ???? ???? ???? ???? ???? ???? ???? ????
A|  MB   --   --   --   --   --   MB   --   MB  |A
B|  --   MW   --   MW   --   MW   --   MW   MW  |B
C|  --   --   --   --   --   --   --   --   MB  |C
D|  --   MW   --   --   --   --   --   --   MB  |D
E|  MB   --   --   --   --   --   --   MB   --  |E
F|  --   MW   --   --   --   --   --   --   --  |F
G|  --   --   --   --   --   --   --   MB   --  |G
H|  --   MW   --   --   --   --   --   --   --  |H
I|  --   --   --   --   --   --   --   --   --  |I
   ???? ???? ???? ???? ???? ???? ???? ???? ????
    1    2    3    4    5    6    7    8    9  

Elapsed time: 945
MOVE F9
Moves: 17 | White pawns: 21 | Black pawns: 20
Board:
    1    2    3    4    5    6    7    8    9  
   ???? ???? ???? ???? ???? ???? ???? ???? ????
A|  MB   --   --   --   --   --   MB   --   MB  |A
B|  --   MW   --   MW   --   MW   --   MW   MW  |B
C|  --   --   --   --   --   --   --   --   MB  |C
D|  --   MW   --   --   --   --   --   --   MB  |D
E|  MB   --   --   --   --   --   --   MB   --  |E
F|  --   MW   --   --   --   --   --   --   MW  |F
G|  --   --   --   --   --   --   --   MB   --  |G
H|  --   MW   --   --   --   --   --   --   --  |H
I|  --   --   --   --   --   --   --   --   --  |I
   ???? ???? ???? ???? ???? ???? ???? ???? ????
    1    2    3    4    5    6    7    8    9  

Elapsed time: 948
MOVE C7
Moves: 18 | White pawns: 21 | Black pawns: 21
Board:
    1    2    3    4    5    6    7    8    9  
   ???? ???? ???? ???? ???? ???? ???? ???? ????
A|  MB   --   --   --   --   --   MB   --   MB  |A
B|  --   MW   --   MW   --   MW   --   MW   MW  |B
C|  --   --   --   --   --   --   MB   --   MB  |C
D|  --   MW   --   --   --   --   --   --   MB  |D
E|  MB   --   --   --   --   --   --   MB   --  |E
F|  --   MW   --   --   --   --   --   --   MW  |F
G|  --   --   --   --   --   --   --   MB   --  |G
H|  --   MW   --   --   --   --   --   --   --  |H
I|  --   --   --   --   --   --   --   --   --  |I
   ???? ???? ???? ???? ???? ???? ???? ???? ????
    1    2    3    4    5    6    7    8    9  

Elapsed time: 938
MOVE G9
Moves: 19 | White pawns: 22 | Black pawns: 21
Board:
    1    2    3    4    5    6    7    8    9  
   ???? ???? ???? ???? ???? ???? ???? ???? ????
A|  MB   --   --   --   --   --   MB   --   MB  |A
B|  --   MW   --   MW   --   MW   --   MW   MW  |B
C|  --   --   --   --   --   --   MB   --   MB  |C
D|  --   MW   --   --   --   --   --   --   MB  |D
E|  MB   --   --   --   --   --   --   MB   --  |E
F|  --   MW   --   --   --   --   --   --   MW  |F
G|  --   --   --   --   --   --   --   MB   MW  |G
H|  --   MW   --   --   --   --   --   --   --  |H
I|  --   --   --   --   --   --   --   --   --  |I
   ???? ???? ???? ???? ???? ???? ???? ???? ????
    1    2    3    4    5    6    7    8    9  

Elapsed time: 942
MOVE I1
Moves: 20 | White pawns: 22 | Black pawns: 22
Board:
    1    2    3    4    5    6    7    8    9  
   ???? ???? ???? ???? ???? ???? ???? ???? ????
A|  MB   --   --   --   --   --   MB   --   MB  |A
B|  --   MW   --   MW   --   MW   --   MW   MW  |B
C|  --   --   --   --   --   --   MB   --   MB  |C
D|  --   MW   --   --   --   --   --   --   MB  |D
E|  MB   --   --   --   --   --   --   MB   --  |E
F|  --   MW   --   --   --   --   --   --   MW  |F
G|  --   --   --   --   --   --   --   MB   MW  |G
H|  --   MW   --   --   --   --   --   --   --  |H
I|  MB   --   --   --   --   --   --   --   --  |I
   ???? ???? ???? ???? ???? ???? ???? ???? ????
    1    2    3    4    5    6    7    8    9  

Elapsed time: 956
MOVE H4
Moves: 21 | White pawns: 23 | Black pawns: 22
Board:
    1    2    3    4    5    6    7    8    9  
   ???? ???? ???? ???? ???? ???? ???? ???? ????
A|  MB   --   --   --   --   --   MB   --   MB  |A
B|  --   MW   --   MW   --   MW   --   MW   MW  |B
C|  --   --   --   --   --   --   MB   --   MB  |C
D|  --   MW   --   --   --   --   --   --   MB  |D
E|  MB   --   --   --   --   --   --   MB   --  |E
F|  --   MW   --   --   --   --   --   --   MW  |F
G|  --   --   --   --   --   --   --   MB   MW  |G
H|  --   MW   --   MW   --   --   --   --   --  |H
I|  MB   --   --   --   --   --   --   --   --  |I
   ???? ???? ???? ???? ???? ???? ???? ???? ????
    1    2    3    4    5    6    7    8    9  

Elapsed time: 941
MOVE A5
Moves: 22 | White pawns: 23 | Black pawns: 23
Board:
    1    2    3    4    5    6    7    8    9  
   ???? ???? ???? ???? ???? ???? ???? ???? ????
A|  MB   --   --   --   MB   --   MB   --   MB  |A
B|  --   MW   --   MW   --   MW   --   MW   MW  |B
C|  --   --   --   --   --   --   MB   --   MB  |C
D|  --   MW   --   --   --   --   --   --   MB  |D
E|  MB   --   --   --   --   --   --   MB   --  |E
F|  --   MW   --   --   --   --   --   --   MW  |F
G|  --   --   --   --   --   --   --   MB   MW  |G
H|  --   MW   --   MW   --   --   --   --   --  |H
I|  MB   --   --   --   --   --   --   --   --  |I
   ???? ???? ???? ???? ???? ???? ???? ???? ????
    1    2    3    4    5    6    7    8    9  

Elapsed time: 953
MOVE B7
Moves: 23 | White pawns: 24 | Black pawns: 23
Board:
    1    2    3    4    5    6    7    8    9  
   ???? ???? ???? ???? ???? ???? ???? ???? ????
A|  MB   --   --   --   MB   --   MB   --   MB  |A
B|  --   MW   --   MW   --   MW   MW   MW   MW  |B
C|  --   --   --   --   --   --   MB   --   MB  |C
D|  --   MW   --   --   --   --   --   --   MB  |D
E|  MB   --   --   --   --   --   --   MB   --  |E
F|  --   MW   --   --   --   --   --   --   MW  |F
G|  --   --   --   --   --   --   --   MB   MW  |G
H|  --   MW   --   MW   --   --   --   --   --  |H
I|  MB   --   --   --   --   --   --   --   --  |I
   ???? ???? ???? ???? ???? ???? ???? ???? ????
    1    2    3    4    5    6    7    8    9  

Elapsed time: 946
MOVE A3
Moves: 24 | White pawns: 24 | Black pawns: 24
Board:
    1    2    3    4    5    6    7    8    9  
   ???? ???? ???? ???? ???? ???? ???? ???? ????
A|  MB   --   MB   --   MB   --   MB   --   MB  |A
B|  --   MW   --   MW   --   MW   MW   MW   MW  |B
C|  --   --   --   --   --   --   MB   --   MB  |C
D|  --   MW   --   --   --   --   --   --   MB  |D
E|  MB   --   --   --   --   --   --   MB   --  |E
F|  --   MW   --   --   --   --   --   --   MW  |F
G|  --   --   --   --   --   --   --   MB   MW  |G
H|  --   MW   --   MW   --   --   --   --   --  |H
I|  MB   --   --   --   --   --   --   --   --  |I
   ???? ???? ???? ???? ???? ???? ???? ???? ????
    1    2    3    4    5    6    7    8    9  

Elapsed time: 955
MOVE D4
Moves: 25 | White pawns: 25 | Black pawns: 24
Board:
    1    2    3    4    5    6    7    8    9  
   ???? ???? ???? ???? ???? ???? ???? ???? ????
A|  MB   --   MB   --   MB   --   MB   --   MB  |A
B|  --   MW   --   MW   --   MW   MW   MW   MW  |B
C|  --   --   --   --   --   --   MB   --   MB  |C
D|  --   MW   --   MW   --   --   --   --   MB  |D
E|  MB   --   --   --   --   --   --   MB   --  |E
F|  --   MW   --   --   --   --   --   --   MW  |F
G|  --   --   --   --   --   --   --   MB   MW  |G
H|  --   MW   --   MW   --   --   --   --   --  |H
I|  MB   --   --   --   --   --   --   --   --  |I
   ???? ???? ???? ???? ???? ???? ???? ???? ????
    1    2    3    4    5    6    7    8    9  

Elapsed time: 961
MOVE C3
Moves: 26 | White pawns: 25 | Black pawns: 25
Board:
    1    2    3    4    5    6    7    8    9  
   ???? ???? ???? ???? ???? ???? ???? ???? ????
A|  MB   --   MB   --   MB   --   MB   --   MB  |A
B|  --   MW   --   MW   --   MW   MW   MW   MW  |B
C|  --   --   MB   --   --   --   MB   --   MB  |C
D|  --   MW   --   MW   --   --   --   --   MB  |D
E|  MB   --   --   --   --   --   --   MB   --  |E
F|  --   MW   --   --   --   --   --   --   MW  |F
G|  --   --   --   --   --   --   --   MB   MW  |G
H|  --   MW   --   MW   --   --   --   --   --  |H
I|  MB   --   --   --   --   --   --   --   --  |I
   ???? ???? ???? ???? ???? ???? ???? ???? ????
    1    2    3    4    5    6    7    8    9  

Elapsed time: 934
MOVE D6
Moves: 27 | White pawns: 26 | Black pawns: 25
Board:
    1    2    3    4    5    6    7    8    9  
   ???? ???? ???? ???? ???? ???? ???? ???? ????
A|  MB   --   MB   --   MB   --   MB   --   MB  |A
B|  --   MW   --   MW   --   MW   MW   MW   MW  |B
C|  --   --   MB   --   --   --   MB   --   MB  |C
D|  --   MW   --   MW   --   MW   --   --   MB  |D
E|  MB   --   --   --   --   --   --   MB   --  |E
F|  --   MW   --   --   --   --   --   --   MW  |F
G|  --   --   --   --   --   --   --   MB   MW  |G
H|  --   MW   --   MW   --   --   --   --   --  |H
I|  MB   --   --   --   --   --   --   --   --  |I
   ???? ???? ???? ???? ???? ???? ???? ???? ????
    1    2    3    4    5    6    7    8    9  

Elapsed time: 963
MOVE C5
Moves: 28 | White pawns: 26 | Black pawns: 26
Board:
    1    2    3    4    5    6    7    8    9  
   ???? ???? ???? ???? ???? ???? ???? ???? ????
A|  MB   --   MB   --   MB   --   MB   --   MB  |A
B|  --   MW   --   MW   --   MW   MW   MW   MW  |B
C|  --   --   MB   --   MB   --   MB   --   MB  |C
D|  --   MW   --   MW   --   MW   --   --   MB  |D
E|  MB   --   --   --   --   --   --   MB   --  |E
F|  --   MW   --   --   --   --   --   --   MW  |F
G|  --   --   --   --   --   --   --   MB   MW  |G
H|  --   MW   --   MW   --   --   --   --   --  |H
I|  MB   --   --   --   --   --   --   --   --  |I
   ???? ???? ???? ???? ???? ???? ???? ???? ????
    1    2    3    4    5    6    7    8    9  

Elapsed time: 965
MOVE F4
Moves: 29 | White pawns: 27 | Black pawns: 26
Board:
    1    2    3    4    5    6    7    8    9  
   ???? ???? ???? ???? ???? ???? ???? ???? ????
A|  MB   --   MB   --   MB   --   MB   --   MB  |A
B|  --   MW   --   MW   --   MW   MW   MW   MW  |B
C|  --   --   MB   --   MB   --   MB   --   MB  |C
D|  --   MW   --   MW   --   MW   --   --   MB  |D
E|  MB   --   --   --   --   --   --   MB   --  |E
F|  --   MW   --   MW   --   --   --   --   MW  |F
G|  --   --   --   --   --   --   --   MB   MW  |G
H|  --   MW   --   MW   --   --   --   --   --  |H
I|  MB   --   --   --   --   --   --   --   --  |I
   ???? ???? ???? ???? ???? ???? ???? ???? ????
    1    2    3    4    5    6    7    8    9  

Elapsed time: 941
MOVE E3
Moves: 30 | White pawns: 27 | Black pawns: 27
Board:
    1    2    3    4    5    6    7    8    9  
   ???? ???? ???? ???? ???? ???? ???? ???? ????
A|  MB   --   MB   --   MB   --   MB   --   MB  |A
B|  --   MW   --   MW   --   MW   MW   MW   MW  |B
C|  --   --   MB   --   MB   --   MB   --   MB  |C
D|  --   MW   --   MW   --   MW   --   --   MB  |D
E|  MB   --   MB   --   --   --   --   MB   --  |E
F|  --   MW   --   MW   --   --   --   --   MW  |F
G|  --   --   --   --   --   --   --   MB   MW  |G
H|  --   MW   --   MW   --   --   --   --   --  |H
I|  MB   --   --   --   --   --   --   --   --  |I
   ???? ???? ???? ???? ???? ???? ???? ???? ????
    1    2    3    4    5    6    7    8    9  

Elapsed time: 941
MOVE F6
Moves: 31 | White pawns: 28 | Black pawns: 27
Board:
    1    2    3    4    5    6    7    8    9  
   ???? ???? ???? ???? ???? ???? ???? ???? ????
A|  MB   --   MB   --   MB   --   MB   --   MB  |A
B|  --   MW   --   MW   --   MW   MW   MW   MW  |B
C|  --   --   MB   --   MB   --   MB   --   MB  |C
D|  --   MW   --   MW   --   MW   --   --   MB  |D
E|  MB   --   MB   --   --   --   --   MB   --  |E
F|  --   MW   --   MW   --   MW   --   --   MW  |F
G|  --   --   --   --   --   --   --   MB   MW  |G
H|  --   MW   --   MW   --   --   --   --   --  |H
I|  MB   --   --   --   --   --   --   --   --  |I
   ???? ???? ???? ???? ???? ???? ???? ???? ????
    1    2    3    4    5    6    7    8    9  

Elapsed time: 951
MOVE G3
Moves: 32 | White pawns: 28 | Black pawns: 28
Board:
    1    2    3    4    5    6    7    8    9  
   ???? ???? ???? ???? ???? ???? ???? ???? ????
A|  MB   --   MB   --   MB   --   MB   --   MB  |A
B|  --   MW   --   MW   --   MW   MW   MW   MW  |B
C|  --   --   MB   --   MB   --   MB   --   MB  |C
D|  --   MW   --   MW   --   MW   --   --   MB  |D
E|  MB   --   MB   --   --   --   --   MB   --  |E
F|  --   MW   --   MW   --   MW   --   --   MW  |F
G|  --   --   MB   --   --   --   --   MB   MW  |G
H|  --   MW   --   MW   --   --   --   --   --  |H
I|  MB   --   --   --   --   --   --   --   --  |I
   ???? ???? ???? ???? ???? ???? ???? ???? ????
    1    2    3    4    5    6    7    8    9  

Elapsed time: 937
MOVE H6
Moves: 33 | White pawns: 29 | Black pawns: 28
Board:
    1    2    3    4    5    6    7    8    9  
   ???? ???? ???? ???? ???? ???? ???? ???? ????
A|  MB   --   MB   --   MB   --   MB   --   MB  |A
B|  --   MW   --   MW   --   MW   MW   MW   MW  |B
C|  --   --   MB   --   MB   --   MB   --   MB  |C
D|  --   MW   --   MW   --   MW   --   --   MB  |D
E|  MB   --   MB   --   --   --   --   MB   --  |E
F|  --   MW   --   MW   --   MW   --   --   MW  |F
G|  --   --   MB   --   --   --   --   MB   MW  |G
H|  --   MW   --   MW   --   MW   --   --   --  |H
I|  MB   --   --   --   --   --   --   --   --  |I
   ???? ???? ???? ???? ???? ???? ???? ???? ????
    1    2    3    4    5    6    7    8    9  

Elapsed time: 946
MOVE E5
Moves: 34 | White pawns: 29 | Black pawns: 29
Board:
    1    2    3    4    5    6    7    8    9  
   ???? ???? ???? ???? ???? ???? ???? ???? ????
A|  MB   --   MB   --   MB   --   MB   --   MB  |A
B|  --   MW   --   MW   --   MW   MW   MW   MW  |B
C|  --   --   MB   --   MB   --   MB   --   MB  |C
D|  --   MW   --   MW   --   MW   --   --   MB  |D
E|  MB   --   MB   --   MB   --   --   MB   --  |E
F|  --   MW   --   MW   --   MW   --   --   MW  |F
G|  --   --   MB   --   --   --   --   MB   MW  |G
H|  --   MW   --   MW   --   MW   --   --   --  |H
I|  MB   --   --   --   --   --   --   --   --  |I
   ???? ???? ???? ???? ???? ???? ???? ???? ????
    1    2    3    4    5    6    7    8    9  

Elapsed time: 937
MOVE D7
Moves: 35 | White pawns: 30 | Black pawns: 29
Board:
    1    2    3    4    5    6    7    8    9  
   ???? ???? ???? ???? ???? ???? ???? ???? ????
A|  MB   --   MB   --   MB   --   MB   --   MB  |A
B|  --   MW   --   MW   --   MW   MW   MW   MW  |B
C|  --   --   MB   --   MB   --   MB   --   MB  |C
D|  --   MW   --   MW   --   MW   MW   --   MB  |D
E|  MB   --   MB   --   MB   --   --   MB   --  |E
F|  --   MW   --   MW   --   MW   --   --   MW  |F
G|  --   --   MB   --   --   --   --   MB   MW  |G
H|  --   MW   --   MW   --   MW   --   --   --  |H
I|  MB   --   --   --   --   --   --   --   --  |I
   ???? ???? ???? ???? ???? ???? ???? ???? ????
    1    2    3    4    5    6    7    8    9  

Elapsed time: 933
MOVE C1
Moves: 36 | White pawns: 30 | Black pawns: 30
Board:
    1    2    3    4    5    6    7    8    9  
   ???? ???? ???? ???? ???? ???? ???? ???? ????
A|  MB   --   MB   --   MB   --   MB   --   MB  |A
B|  --   MW   --   MW   --   MW   MW   MW   MW  |B
C|  MB   --   MB   --   MB   --   MB   --   MB  |C
D|  --   MW   --   MW   --   MW   MW   --   MB  |D
E|  MB   --   MB   --   MB   --   --   MB   --  |E
F|  --   MW   --   MW   --   MW   --   --   MW  |F
G|  --   --   MB   --   --   --   --   MB   MW  |G
H|  --   MW   --   MW   --   MW   --   --   --  |H
I|  MB   --   --   --   --   --   --   --   --  |I
   ???? ???? ???? ???? ???? ???? ???? ???? ????
    1    2    3    4    5    6    7    8    9  

Elapsed time: 935
MOVE E7
Moves: 37 | White pawns: 31 | Black pawns: 30
Board:
    1    2    3    4    5    6    7    8    9  
   ???? ???? ???? ???? ???? ???? ???? ???? ????
A|  MB   --   MB   --   MB   --   MB   --   MB  |A
B|  --   MW   --   MW   --   MW   MW   MW   MW  |B
C|  MB   --   MB   --   MB   --   MB   --   MB  |C
D|  --   MW   --   MW   --   MW   MW   --   MB  |D
E|  MB   --   MB   --   MB   --   MW   MB   --  |E
F|  --   MW   --   MW   --   MW   --   --   MW  |F
G|  --   --   MB   --   --   --   --   MB   MW  |G
H|  --   MW   --   MW   --   MW   --   --   --  |H
I|  MB   --   --   --   --   --   --   --   --  |I
   ???? ???? ???? ???? ???? ???? ???? ???? ????
    1    2    3    4    5    6    7    8    9  

Elapsed time: 941
MOVE G5
Moves: 38 | White pawns: 31 | Black pawns: 31
Board:
    1    2    3    4    5    6    7    8    9  
   ???? ???? ???? ???? ???? ???? ???? ???? ????
A|  MB   --   MB   --   MB   --   MB   --   MB  |A
B|  --   MW   --   MW   --   MW   MW   MW   MW  |B
C|  MB   --   MB   --   MB   --   MB   --   MB  |C
D|  --   MW   --   MW   --   MW   MW   --   MB  |D
E|  MB   --   MB   --   MB   --   MW   MB   --  |E
F|  --   MW   --   MW   --   MW   --   --   MW  |F
G|  --   --   MB   --   MB   --   --   MB   MW  |G
H|  --   MW   --   MW   --   MW   --   --   --  |H
I|  MB   --   --   --   --   --   --   --   --  |I
   ???? ???? ???? ???? ???? ???? ???? ???? ????
    1    2    3    4    5    6    7    8    9  

Elapsed time: 945
MOVE I7
Moves: 39 | White pawns: 32 | Black pawns: 31
Board:
    1    2    3    4    5    6    7    8    9  
   ???? ???? ???? ???? ???? ???? ???? ???? ????
A|  MB   --   MB   --   MB   --   MB   --   MB  |A
B|  --   MW   --   MW   --   MW   MW   MW   MW  |B
C|  MB   --   MB   --   MB   --   MB   --   MB  |C
D|  --   MW   --   MW   --   MW   MW   --   MB  |D
E|  MB   --   MB   --   MB   --   MW   MB   --  |E
F|  --   MW   --   MW   --   MW   --   --   MW  |F
G|  --   --   MB   --   MB   --   --   MB   MW  |G
H|  --   MW   --   MW   --   MW   --   --   --  |H
I|  MB   --   --   --   --   --   MW   --   --  |I
   ???? ???? ???? ???? ???? ???? ???? ???? ????
    1    2    3    4    5    6    7    8    9  

Elapsed time: 943
MOVE B3
Moves: 40 | White pawns: 32 | Black pawns: 32
Board:
    1    2    3    4    5    6    7    8    9  
   ???? ???? ???? ???? ???? ???? ???? ???? ????
A|  MB   --   MB   --   MB   --   MB   --   MB  |A
B|  --   MW   MB   MW   --   MW   MW   MW   MW  |B
C|  MB   --   MB   --   MB   --   MB   --   MB  |C
D|  --   MW   --   MW   --   MW   MW   --   MB  |D
E|  MB   --   MB   --   MB   --   MW   MB   --  |E
F|  --   MW   --   MW   --   MW   --   --   MW  |F
G|  --   --   MB   --   MB   --   --   MB   MW  |G
H|  --   MW   --   MW   --   MW   --   --   --  |H
I|  MB   --   --   --   --   --   MW   --   --  |I
   ???? ???? ???? ???? ???? ???? ???? ???? ????
    1    2    3    4    5    6    7    8    9  

Elapsed time: 945
MOVE B5
Moves: 41 | White pawns: 33 | Black pawns: 32
Board:
    1    2    3    4    5    6    7    8    9  
   ???? ???? ???? ???? ???? ???? ???? ???? ????
A|  MB   --   MB   --   MB   --   MB   --   MB  |A
B|  --   MW   MB   MW   MW   MW   MW   MW   MW  |B
C|  MB   --   MB   --   MB   --   MB   --   MB  |C
D|  --   MW   --   MW   --   MW   MW   --   MB  |D
E|  MB   --   MB   --   MB   --   MW   MB   --  |E
F|  --   MW   --   MW   --   MW   --   --   MW  |F
G|  --   --   MB   --   MB   --   --   MB   MW  |G
H|  --   MW   --   MW   --   MW   --   --   --  |H
I|  MB   --   --   --   --   --   MW   --   --  |I
   ???? ???? ???? ???? ???? ???? ???? ???? ????
    1    2    3    4    5    6    7    8    9  

Elapsed time: 936
MOVE C2
Moves: 42 | White pawns: 33 | Black pawns: 33
Board:
    1    2    3    4    5    6    7    8    9  
   ???? ???? ???? ???? ???? ???? ???? ???? ????
A|  MB   --   MB   --   MB   --   MB   --   MB  |A
B|  --   MW   MB   MW   MW   MW   MW   MW   MW  |B
C|  MB   MB   MB   --   MB   --   MB   --   MB  |C
D|  --   MW   --   MW   --   MW   MW   --   MB  |D
E|  MB   --   MB   --   MB   --   MW   MB   --  |E
F|  --   MW   --   MW   --   MW   --   --   MW  |F
G|  --   --   MB   --   MB   --   --   MB   MW  |G
H|  --   MW   --   MW   --   MW   --   --   --  |H
I|  MB   --   --   --   --   --   MW   --   --  |I
   ???? ???? ???? ???? ???? ???? ???? ???? ????
    1    2    3    4    5    6    7    8    9  

Elapsed time: 946
MOVE I9
Moves: 43 | White pawns: 34 | Black pawns: 33
Board:
    1    2    3    4    5    6    7    8    9  
   ???? ???? ???? ???? ???? ???? ???? ???? ????
A|  MB   --   MB   --   MB   --   MB   --   MB  |A
B|  --   MW   MB   MW   MW   MW   MW   MW   MW  |B
C|  MB   MB   MB   --   MB   --   MB   --   MB  |C
D|  --   MW   --   MW   --   MW   MW   --   MB  |D
E|  MB   --   MB   --   MB   --   MW   MB   --  |E
F|  --   MW   --   MW   --   MW   --   --   MW  |F
G|  --   --   MB   --   MB   --   --   MB   MW  |G
H|  --   MW   --   MW   --   MW   --   --   --  |H
I|  MB   --   --   --   --   --   MW   --   MW  |I
   ???? ???? ???? ???? ???? ???? ???? ???? ????
    1    2    3    4    5    6    7    8    9  

Elapsed time: 950
MOVE C4
Moves: 44 | White pawns: 34 | Black pawns: 34
Board:
    1    2    3    4    5    6    7    8    9  
   ???? ???? ???? ???? ???? ???? ???? ???? ????
A|  MB   --   MB   --   MB   --   MB   --   MB  |A
B|  --   MW   MB   MW   MW   MW   MW   MW   MW  |B
C|  MB   MB   MB   MB   MB   --   MB   --   MB  |C
D|  --   MW   --   MW   --   MW   MW   --   MB  |D
E|  MB   --   MB   --   MB   --   MW   MB   --  |E
F|  --   MW   --   MW   --   MW   --   --   MW  |F
G|  --   --   MB   --   MB   --   --   MB   MW  |G
H|  --   MW   --   MW   --   MW   --   --   --  |H
I|  MB   --   --   --   --   --   MW   --   MW  |I
   ???? ???? ???? ???? ???? ???? ???? ???? ????
    1    2    3    4    5    6    7    8    9  

Elapsed time: 940
MOVE I3
Moves: 45 | White pawns: 35 | Black pawns: 34
Board:
    1    2    3    4    5    6    7    8    9  
   ???? ???? ???? ???? ???? ???? ???? ???? ????
A|  MB   --   MB   --   MB   --   MB   --   MB  |A
B|  --   MW   MB   MW   MW   MW   MW   MW   MW  |B
C|  MB   MB   MB   MB   MB   --   MB   --   MB  |C
D|  --   MW   --   MW   --   MW   MW   --   MB  |D
E|  MB   --   MB   --   MB   --   MW   MB   --  |E
F|  --   MW   --   MW   --   MW   --   --   MW  |F
G|  --   --   MB   --   MB   --   --   MB   MW  |G
H|  --   MW   --   MW   --   MW   --   --   --  |H
I|  MB   --   MW   --   --   --   MW   --   MW  |I
   ???? ???? ???? ???? ???? ???? ???? ???? ????
    1    2    3    4    5    6    7    8    9  

Elapsed time: 935
MOVE C6
Moves: 46 | White pawns: 35 | Black pawns: 35
Board:
    1    2    3    4    5    6    7    8    9  
   ???? ???? ???? ???? ???? ???? ???? ???? ????
A|  MB   --   MB   --   MB   --   MB   --   MB  |A
B|  --   MW   MB   MW   MW   MW   MW   MW   MW  |B
C|  MB   MB   MB   MB   MB   MB   MB   --   MB  |C
D|  --   MW   --   MW   --   MW   MW   --   MB  |D
E|  MB   --   MB   --   MB   --   MW   MB   --  |E
F|  --   MW   --   MW   --   MW   --   --   MW  |F
G|  --   --   MB   --   MB   --   --   MB   MW  |G
H|  --   MW   --   MW   --   MW   --   --   --  |H
I|  MB   --   MW   --   --   --   MW   --   MW  |I
   ???? ???? ???? ???? ???? ???? ???? ???? ????
    1    2    3    4    5    6    7    8    9  

Elapsed time: 939
MOVE F1
Moves: 47 | White pawns: 36 | Black pawns: 35
Board:
    1    2    3    4    5    6    7    8    9  
   ???? ???? ???? ???? ???? ???? ???? ???? ????
A|  MB   --   MB   --   MB   --   MB   --   MB  |A
B|  --   MW   MB   MW   MW   MW   MW   MW   MW  |B
C|  MB   MB   MB   MB   MB   MB   MB   --   MB  |C
D|  --   MW   --   MW   --   MW   MW   --   MB  |D
E|  MB   --   MB   --   MB   --   MW   MB   --  |E
F|  MW   MW   --   MW   --   MW   --   --   MW  |F
G|  --   --   MB   --   MB   --   --   MB   MW  |G
H|  --   MW   --   MW   --   MW   --   --   --  |H
I|  MB   --   MW   --   --   --   MW   --   MW  |I
   ???? ???? ???? ???? ???? ???? ???? ???? ????
    1    2    3    4    5    6    7    8    9  

Elapsed time: 944
MOVE D3
Moves: 48 | White pawns: 36 | Black pawns: 36
Board:
    1    2    3    4    5    6    7    8    9  
   ???? ???? ???? ???? ???? ???? ???? ???? ????
A|  MB   --   MB   --   MB   --   MB   --   MB  |A
B|  --   MW   MB   MW   MW   MW   MW   MW   MW  |B
C|  MB   MB   MB   MB   MB   MB   MB   --   MB  |C
D|  --   MW   MB   MW   --   MW   MW   --   MB  |D
E|  MB   --   MB   --   MB   --   MW   MB   --  |E
F|  MW   MW   --   MW   --   MW   --   --   MW  |F
G|  --   --   MB   --   MB   --   --   MB   MW  |G
H|  --   MW   --   MW   --   MW   --   --   --  |H
I|  MB   --   MW   --   --   --   MW   --   MW  |I
   ???? ???? ???? ???? ???? ???? ???? ???? ????
    1    2    3    4    5    6    7    8    9  

Elapsed time: 942
MOVE H1
Moves: 49 | White pawns: 37 | Black pawns: 36
Board:
    1    2    3    4    5    6    7    8    9  
   ???? ???? ???? ???? ???? ???? ???? ???? ????
A|  MB   --   MB   --   MB   --   MB   --   MB  |A
B|  --   MW   MB   MW   MW   MW   MW   MW   MW  |B
C|  MB   MB   MB   MB   MB   MB   MB   --   MB  |C
D|  --   MW   MB   MW   --   MW   MW   --   MB  |D
E|  MB   --   MB   --   MB   --   MW   MB   --  |E
F|  MW   MW   --   MW   --   MW   --   --   MW  |F
G|  --   --   MB   --   MB   --   --   MB   MW  |G
H|  MW   MW   --   MW   --   MW   --   --   --  |H
I|  MB   --   MW   --   --   --   MW   --   MW  |I
   ???? ???? ???? ???? ???? ???? ???? ???? ????
    1    2    3    4    5    6    7    8    9  

Elapsed time: 940
MOVE D5
Moves: 50 | White pawns: 37 | Black pawns: 37
Board:
    1    2    3    4    5    6    7    8    9  
   ???? ???? ???? ???? ???? ???? ???? ???? ????
A|  MB   --   MB   --   MB   --   MB   --   MB  |A
B|  --   MW   MB   MW   MW   MW   MW   MW   MW  |B
C|  MB   MB   MB   MB   MB   MB   MB   --   MB  |C
D|  --   MW   MB   MW   MB   MW   MW   --   MB  |D
E|  MB   --   MB   --   MB   --   MW   MB   --  |E
F|  MW   MW   --   MW   --   MW   --   --   MW  |F
G|  --   --   MB   --   MB   --   --   MB   MW  |G
H|  MW   MW   --   MW   --   MW   --   --   --  |H
I|  MB   --   MW   --   --   --   MW   --   MW  |I
   ???? ???? ???? ???? ???? ???? ???? ???? ????
    1    2    3    4    5    6    7    8    9  

Elapsed time: 945
MOVE E2
Moves: 51 | White pawns: 38 | Black pawns: 37
Board:
    1    2    3    4    5    6    7    8    9  
   ???? ???? ???? ???? ???? ???? ???? ???? ????
A|  MB   --   MB   --   MB   --   MB   --   MB  |A
B|  --   MW   MB   MW   MW   MW   MW   MW   MW  |B
C|  MB   MB   MB   MB   MB   MB   MB   --   MB  |C
D|  --   MW   MB   MW   MB   MW   MW   --   MB  |D
E|  MB   MW   MB   --   MB   --   MW   MB   --  |E
F|  MW   MW   --   MW   --   MW   --   --   MW  |F
G|  --   --   MB   --   MB   --   --   MB   MW  |G
H|  MW   MW   --   MW   --   MW   --   --   --  |H
I|  MB   --   MW   --   --   --   MW   --   MW  |I
   ???? ???? ???? ???? ???? ???? ???? ???? ????
    1    2    3    4    5    6    7    8    9  

Elapsed time: 941
MOVE E4
Moves: 52 | White pawns: 38 | Black pawns: 38
Board:
    1    2    3    4    5    6    7    8    9  
   ???? ???? ???? ???? ???? ???? ???? ???? ????
A|  MB   --   MB   --   MB   --   MB   --   MB  |A
B|  --   MW   MB   MW   MW   MW   MW   MW   MW  |B
C|  MB   MB   MB   MB   MB   MB   MB   --   MB  |C
D|  --   MW   MB   MW   MB   MW   MW   --   MB  |D
E|  MB   MW   MB   MB   MB   --   MW   MB   --  |E
F|  MW   MW   --   MW   --   MW   --   --   MW  |F
G|  --   --   MB   --   MB   --   --   MB   MW  |G
H|  MW   MW   --   MW   --   MW   --   --   --  |H
I|  MB   --   MW   --   --   --   MW   --   MW  |I
   ???? ???? ???? ???? ???? ???? ???? ???? ????
    1    2    3    4    5    6    7    8    9  

Elapsed time: 946
MOVE F3
Moves: 53 | White pawns: 39 | Black pawns: 38
Board:
    1    2    3    4    5    6    7    8    9  
   ???? ???? ???? ???? ???? ???? ???? ???? ????
A|  MB   --   MB   --   MB   --   MB   --   MB  |A
B|  --   MW   MB   MW   MW   MW   MW   MW   MW  |B
C|  MB   MB   MB   MB   MB   MB   MB   --   MB  |C
D|  --   MW   MB   MW   MB   MW   MW   --   MB  |D
E|  MB   MW   MB   MB   MB   --   MW   MB   --  |E
F|  MW   MW   MW   MW   --   MW   --   --   MW  |F
G|  --   --   MB   --   MB   --   --   MB   MW  |G
H|  MW   MW   --   MW   --   MW   --   --   --  |H
I|  MB   --   MW   --   --   --   MW   --   MW  |I
   ???? ???? ???? ???? ???? ???? ???? ???? ????
    1    2    3    4    5    6    7    8    9  

Elapsed time: 932
MOVE F5
Moves: 54 | White pawns: 39 | Black pawns: 39
Board:
    1    2    3    4    5    6    7    8    9  
   ???? ???? ???? ???? ???? ???? ???? ???? ????
A|  MB   --   MB   --   MB   --   MB   --   MB  |A
B|  --   MW   MB   MW   MW   MW   MW   MW   MW  |B
C|  MB   MB   MB   MB   MB   MB   MB   --   MB  |C
D|  --   MW   MB   MW   MB   MW   MW   --   MB  |D
E|  MB   MW   MB   MB   MB   --   MW   MB   --  |E
F|  MW   MW   MW   MW   MB   MW   --   --   MW  |F
G|  --   --   MB   --   MB   --   --   MB   MW  |G
H|  MW   MW   --   MW   --   MW   --   --   --  |H
I|  MB   --   MW   --   --   --   MW   --   MW  |I
   ???? ???? ???? ???? ???? ???? ???? ???? ????
    1    2    3    4    5    6    7    8    9  

Elapsed time: 934
MOVE G4
Moves: 55 | White pawns: 40 | Black pawns: 39
Board:
    1    2    3    4    5    6    7    8    9  
   ???? ???? ???? ???? ???? ???? ???? ???? ????
A|  MB   --   MB   --   MB   --   MB   --   MB  |A
B|  --   MW   MB   MW   MW   MW   MW   MW   MW  |B
C|  MB   MB   MB   MB   MB   MB   MB   --   MB  |C
D|  --   MW   MB   MW   MB   MW   MW   --   MB  |D
E|  MB   MW   MB   MB   MB   --   MW   MB   --  |E
F|  MW   MW   MW   MW   MB   MW   --   --   MW  |F
G|  --   --   MB   MW   MB   --   --   MB   MW  |G
H|  MW   MW   --   MW   --   MW   --   --   --  |H
I|  MB   --   MW   --   --   --   MW   --   MW  |I
   ???? ???? ???? ???? ???? ???? ???? ???? ????
    1    2    3    4    5    6    7    8    9  

Elapsed time: 934
MOVE I5
Moves: 56 | White pawns: 40 | Black pawns: 40
Board:
    1    2    3    4    5    6    7    8    9  
   ???? ???? ???? ???? ???? ???? ???? ???? ????
A|  MB   --   MB   --   MB   --   MB   --   MB  |A
B|  --   MW   MB   MW   MW   MW   MW   MW   MW  |B
C|  MB   MB   MB   MB   MB   MB   MB   --   MB  |C
D|  --   MW   MB   MW   MB   MW   MW   --   MB  |D
E|  MB   MW   MB   MB   MB   --   MW   MB   --  |E
F|  MW   MW   MW   MW   MB   MW   --   --   MW  |F
G|  --   --   MB   MW   MB   --   --   MB   MW  |G
H|  MW   MW   --   MW   --   MW   --   --   --  |H
I|  MB   --   MW   --   MB   --   MW   --   MW  |I
   ???? ???? ???? ???? ???? ???? ???? ???? ????
    1    2    3    4    5    6    7    8    9  

Elapsed time: 946
MOVE H5
Moves: 57 | White pawns: 41 | Black pawns: 40
White wins - Black loses

MATCH ENDED in 57 total moves

Final Board:
    1    2    3    4    5    6    7    8    9  
   ???? ???? ???? ???? ???? ???? ???? ???? ????
A|  MB   --   MB   --   MB   --   MB   --   MB  |A
B|  --   MW   MB   MW   MW   MW   MW   MW   MW  |B
C|  MB   MB   MB   MB   MB   MB   MB   --   MB  |C
D|  --   MW   MB   MW   MB   MW   MW   --   MB  |D
E|  MB   MW   MB   MB   MB   --   MW   MB   --  |E
F|  MW   MW   MW   MW   MB   MW   --   --   MW  |F
G|  --   --   MB   MW   MB   --   --   MB   MW  |G
H|  MW   MW   --   MW   MW   MW   --   --   --  |H
I|  MB   --   MW   --   MB   --   MW   --   MW  |I
   ???? ???? ???? ???? ???? ???? ???? ???? ????
    1    2    3    4    5    6    7    8    9  
